<?xml version="1.0" encoding="UTF-8"?>
<!-- Generated by org.testng.reporters.JUnitReportReporter -->
<testsuite skipped="0" hostname="PC" name="ExtentReportsTest" tests="1" failures="0" timestamp="04 Dec 2019 01:42:55 GMT" time="3.910" errors="0">
  <testcase name="testApp" time="3.910" classname="ExtentReportsTest"/>
</testsuite> <!-- ExtentReportsTest -->
