<?xml version="1.0" encoding="UTF-8"?>
<!-- Generated by org.testng.reporters.JUnitReportReporter -->
<testsuite skipped="0" hostname="PC" name="AppTest" tests="1" failures="0" timestamp="04 Dec 2019 06:25:23 GMT" time="0.013" errors="0">
  <testcase name="testApp" time="0.013" classname="AppTest"/>
</testsuite> <!-- AppTest -->
